]0;IPython: AIRobo/observer_model_v2Loading data from txt files...
parsing file S003_806.txt
parsing file S003_135.txt
parsing file S003_224.txt
parsing file S003_728.txt
parsing file S003_387.txt
parsing file S003_10.txt
parsing file S003_76.txt
parsing file S003_373.txt
parsing file S003_46.txt
parsing file S003_874.txt
parsing file S003_937.txt
parsing file S003_61.txt
parsing file S003_212.txt
parsing file S003_100.txt
parsing file S003_755.txt
parsing file S003_399.txt
parsing file S003_95.txt
parsing file S003_308.txt
parsing file S003_528.txt
parsing file S003_842.txt
parsing file S003_525.txt
parsing file S003_166.txt
parsing file S003_40.txt
parsing file S003_435.txt
parsing file S003_924.txt
parsing file S003_82.txt
parsing file S003_174.txt
parsing file S003_718.txt
parsing file S003_757.txt
parsing file S003_905.txt
parsing file S003_577.txt
parsing file S003_853.txt
parsing file S003_234.txt
parsing file S003_180.txt
parsing file S003_296.txt
parsing file S003_763.txt
parsing file S003_69.txt
parsing file S003_4.txt
parsing file S003_517.txt
parsing file S003_983.txt
parsing file S003_157.txt
parsing file S003_80.txt
parsing file S003_775.txt
parsing file S003_393.txt
parsing file S003_563.txt
parsing file S003_369.txt
parsing file S003_216.txt
parsing file S003_445.txt
parsing file S003_974.txt
parsing file S003_182.txt
parsing file S003_297.txt
parsing file S003_85.txt
parsing file S003_286.txt
parsing file S003_605.txt
parsing file S003_147.txt
parsing file S003_565.txt
parsing file S003_782.txt
parsing file S003_299.txt
parsing file S003_720.txt
parsing file S003_700.txt
parsing file S003_679.txt
parsing file S003_500.txt
parsing file S003_481.txt
parsing file S003_631.txt
parsing file S003_466.txt
parsing file S003_418.txt
parsing file S003_244.txt
parsing file S003_515.txt
parsing file S003_84.txt
parsing file S003_255.txt
parsing file S003_619.txt
parsing file S003_599.txt
parsing file S003_25.txt
parsing file S003_168.txt
parsing file S003_671.txt
parsing file S003_383.txt
parsing file S003_338.txt
parsing file S003_704.txt
parsing file S003_915.txt
parsing file S003_385.txt
parsing file S003_256.txt
parsing file S003_104.txt
parsing file S003_211.txt
parsing file S003_220.txt
parsing file S003_765.txt
parsing file S003_197.txt
parsing file S003_981.txt
parsing file S003_852.txt
parsing file S003_795.txt
parsing file S003_549.txt
parsing file S003_102.txt
parsing file S003_495.txt
parsing file S003_306.txt
parsing file S003_45.txt
parsing file S003_561.txt
parsing file S003_890.txt
parsing file S003_128.txt
parsing file S003_740.txt
parsing file S003_105.txt
parsing file S003_614.txt
parsing file S003_725.txt
parsing file S003_171.txt
parsing file S003_37.txt
parsing file S003_38.txt
parsing file S003_907.txt
parsing file S003_686.txt
parsing file S003_733.txt
parsing file S003_578.txt
parsing file S003_613.txt
parsing file S003_459.txt
parsing file S003_778.txt
parsing file S003_410.txt
parsing file S003_125.txt
parsing file S003_261.txt
parsing file S003_148.txt
parsing file S003_547.txt
parsing file S003_48.txt
parsing file S003_195.txt
parsing file S003_121.txt
parsing file S003_87.txt
parsing file S003_729.txt
parsing file S003_773.txt
parsing file S003_474.txt
parsing file S003_801.txt
parsing file S003_850.txt
parsing file S003_409.txt
parsing file S003_292.txt
parsing file S003_818.txt
parsing file S003_62.txt
parsing file S003_586.txt
parsing file S003_367.txt
parsing file S003_313.txt
parsing file S003_810.txt
parsing file S003_486.txt
parsing file S003_705.txt
parsing file S003_113.txt
parsing file S003_644.txt
parsing file S003_678.txt
parsing file S003_787.txt
parsing file S003_210.txt
parsing file S003_275.txt
parsing file S003_501.txt
parsing file S003_98.txt
parsing file S003_502.txt
parsing file S003_811.txt
parsing file S003_952.txt
parsing file S003_483.txt
parsing file S003_281.txt
parsing file S003_153.txt
parsing file S003_520.txt
parsing file S003_117.txt
parsing file S003_717.txt
parsing file S003_947.txt
parsing file S003_648.txt
parsing file S003_258.txt
parsing file S003_752.txt
parsing file S003_237.txt
parsing file S003_19.txt
parsing file S003_154.txt
parsing file S003_781.txt
parsing file S003_800.txt
parsing file S003_681.txt
parsing file S003_28.txt
parsing file S003_460.txt
parsing file S003_439.txt
parsing file S003_355.txt
parsing file S003_836.txt
parsing file S003_248.txt
parsing file S003_803.txt
parsing file S003_230.txt
parsing file S003_537.txt
parsing file S003_864.txt
parsing file S003_47.txt
parsing file S003_809.txt
parsing file S003_538.txt
parsing file S003_334.txt
parsing file S003_358.txt
parsing file S003_493.txt
parsing file S003_149.txt
parsing file S003_946.txt
parsing file S003_516.txt
parsing file S003_81.txt
parsing file S003_176.txt
parsing file S003_698.txt
parsing file S003_314.txt
parsing file S003_426.txt
parsing file S003_217.txt
parsing file S003_898.txt
parsing file S003_788.txt
parsing file S003_310.txt
parsing file S003_374.txt
parsing file S003_900.txt
parsing file S003_192.txt
parsing file S003_797.txt
parsing file S003_416.txt
parsing file S003_276.txt
parsing file S003_925.txt
parsing file S003_572.txt
parsing file S003_446.txt
parsing file S003_108.txt
parsing file S003_305.txt
parsing file S003_545.txt
parsing file S003_909.txt
parsing file S003_833.txt
parsing file S003_371.txt
parsing file S003_779.txt
parsing file S003_172.txt
parsing file S003_66.txt
parsing file S003_927.txt
parsing file S003_511.txt
parsing file S003_65.txt
parsing file S003_243.txt
parsing file S003_450.txt
parsing file S003_922.txt
parsing file S003_713.txt
parsing file S003_88.txt
parsing file S003_232.txt
parsing file S003_312.txt
parsing file S003_530.txt
parsing file S003_223.txt
parsing file S003_505.txt
parsing file S003_162.txt
parsing file S003_436.txt
parsing file S003_982.txt
parsing file S003_748.txt
parsing file S003_660.txt
parsing file S003_375.txt
parsing file S003_90.txt
parsing file S003_962.txt
parsing file S003_954.txt
parsing file S003_764.txt
parsing file S003_179.txt
parsing file S003_337.txt
parsing file S003_919.txt
parsing file S003_866.txt
parsing file S003_675.txt
parsing file S003_895.txt
parsing file S003_159.txt
parsing file S003_624.txt
parsing file S003_396.txt
parsing file S003_142.txt
parsing file S003_156.txt
parsing file S003_86.txt
parsing file S003_496.txt
parsing file S003_329.txt
parsing file S003_247.txt
parsing file S003_914.txt
parsing file S003_918.txt
parsing file S003_324.txt
parsing file S003_910.txt
parsing file S003_215.txt
parsing file S003_231.txt
parsing file S003_903.txt
parsing file S003_143.txt
parsing file S003_893.txt
parsing file S003_431.txt
parsing file S003_126.txt
parsing file S003_584.txt
parsing file S003_691.txt
parsing file S003_908.txt
parsing file S003_354.txt
parsing file S003_655.txt
parsing file S003_738.txt
parsing file S003_122.txt
parsing file S003_917.txt
parsing file S003_879.txt
parsing file S003_56.txt
parsing file S003_30.txt
parsing file S003_817.txt
parsing file S003_209.txt
parsing file S003_964.txt
parsing file S003_706.txt
parsing file S003_995.txt
parsing file S003_201.txt
parsing file S003_167.txt
parsing file S003_955.txt
parsing file S003_304.txt
parsing file S003_622.txt
parsing file S003_972.txt
parsing file S003_592.txt
parsing file S003_298.txt
parsing file S003_372.txt
parsing file S003_503.txt
parsing file S003_423.txt
parsing file S003_760.txt
parsing file S003_785.txt
parsing file S003_289.txt
parsing file S003_554.txt
parsing file S003_21.txt
parsing file S003_497.txt
parsing file S003_822.txt
parsing file S003_479.txt
parsing file S003_747.txt
parsing file S003_54.txt
parsing file S003_397.txt
parsing file S003_904.txt
parsing file S003_99.txt
parsing file S003_132.txt
parsing file S003_862.txt
parsing file S003_805.txt
parsing file S003_844.txt
parsing file S003_607.txt
parsing file S003_731.txt
parsing file S003_894.txt
parsing file S003_887.txt
parsing file S003_321.txt
parsing file S003_885.txt
parsing file S003_277.txt
parsing file S003_241.txt
parsing file S003_730.txt
parsing file S003_379.txt
parsing file S003_401.txt
parsing file S003_315.txt
parsing file S003_225.txt
parsing file S003_424.txt
parsing file S003_693.txt
parsing file S003_133.txt
parsing file S003_5.txt
parsing file S003_31.txt
parsing file S003_490.txt
parsing file S003_468.txt
parsing file S003_877.txt
parsing file S003_875.txt
parsing file S003_227.txt
parsing file S003_173.txt
parsing file S003_825.txt
parsing file S003_291.txt
parsing file S003_236.txt
parsing file S003_280.txt
parsing file S003_434.txt
parsing file S003_34.txt
parsing file S003_59.txt
parsing file S003_15.txt
parsing file S003_24.txt
parsing file S003_602.txt
parsing file S003_708.txt
parsing file S003_841.txt
parsing file S003_727.txt
parsing file S003_264.txt
parsing file S003_796.txt
parsing file S003_348.txt
parsing file S003_414.txt
parsing file S003_395.txt
parsing file S003_926.txt
parsing file S003_514.txt
parsing file S003_651.txt
parsing file S003_233.txt
parsing file S003_968.txt
parsing file S003_23.txt
parsing file S003_540.txt
parsing file S003_75.txt
parsing file S003_632.txt
parsing file S003_986.txt
parsing file S003_279.txt
parsing file S003_891.txt
parsing file S003_263.txt
parsing file S003_598.txt
parsing file S003_637.txt
parsing file S003_935.txt
parsing file S003_769.txt
parsing file S003_746.txt
parsing file S003_271.txt
parsing file S003_238.txt
parsing file S003_123.txt
parsing file S003_522.txt
parsing file S003_589.txt
parsing file S003_252.txt
parsing file S003_695.txt
parsing file S003_802.txt
parsing file S003_58.txt
parsing file S003_690.txt
parsing file S003_478.txt
parsing file S003_656.txt
parsing file S003_429.txt
parsing file S003_668.txt
parsing file S003_642.txt
parsing file S003_388.txt
parsing file S003_242.txt
parsing file S003_175.txt
parsing file S003_643.txt
parsing file S003_616.txt
parsing file S003_42.txt
parsing file S003_901.txt
parsing file S003_259.txt
parsing file S003_131.txt
parsing file S003_594.txt
parsing file S003_684.txt
parsing file S003_933.txt
parsing file S003_723.txt
parsing file S003_932.txt
parsing file S003_509.txt
parsing file S003_794.txt
parsing file S003_8.txt
parsing file S003_251.txt
parsing file S003_596.txt
parsing file S003_780.txt
parsing file S003_534.txt
parsing file S003_815.txt
parsing file S003_138.txt
parsing file S003_582.txt
parsing file S003_70.txt
parsing file S003_507.txt
parsing file S003_702.txt
parsing file S003_262.txt
parsing file S003_351.txt
parsing file S003_610.txt
parsing file S003_858.txt
parsing file S003_35.txt
parsing file S003_93.txt
parsing file S003_830.txt
parsing file S003_591.txt
parsing file S003_826.txt
parsing file S003_892.txt
parsing file S003_390.txt
parsing file S003_356.txt
parsing file S003_997.txt
parsing file S003_568.txt
parsing file S003_776.txt
parsing file S003_219.txt
parsing file S003_539.txt
parsing file S003_687.txt
parsing file S003_649.txt
parsing file S003_574.txt
parsing file S003_580.txt
parsing file S003_342.txt
parsing file S003_626.txt
parsing file S003_640.txt
parsing file S003_958.txt
parsing file S003_489.txt
parsing file S003_703.txt
parsing file S003_940.txt
parsing file S003_272.txt
parsing file S003_183.txt
parsing file S003_458.txt
parsing file S003_556.txt
parsing file S003_808.txt
parsing file S003_664.txt
parsing file S003_976.txt
parsing file S003_548.txt
parsing file S003_566.txt
parsing file S003_759.txt
parsing file S003_575.txt
parsing file S003_770.txt
parsing file S003_91.txt
parsing file S003_420.txt
parsing file S003_863.txt
parsing file S003_246.txt
parsing file S003_498.txt
parsing file S003_597.txt
parsing file S003_485.txt
parsing file S003_786.txt
parsing file S003_897.txt
parsing file S003_604.txt
parsing file S003_51.txt
parsing file S003_343.txt
parsing file S003_692.txt
parsing file S003_13.txt
parsing file S003_777.txt
parsing file S003_293.txt
parsing file S003_484.txt
parsing file S003_967.txt
parsing file S003_873.txt
parsing file S003_207.txt
parsing file S003_920.txt
parsing file S003_417.txt
parsing file S003_421.txt
parsing file S003_608.txt
parsing file S003_641.txt
parsing file S003_754.txt
parsing file S003_736.txt
parsing file S003_378.txt
parsing file S003_437.txt
parsing file S003_672.txt
parsing file S003_633.txt
parsing file S003_208.txt
parsing file S003_349.txt
parsing file S003_709.txt
parsing file S003_636.txt
parsing file S003_948.txt
parsing file S003_9.txt
parsing file S003_984.txt
parsing file S003_57.txt
parsing file S003_101.txt
parsing file S003_145.txt
parsing file S003_411.txt
parsing file S003_928.txt
parsing file S003_44.txt
parsing file S003_629.txt
parsing file S003_400.txt
parsing file S003_555.txt
parsing file S003_406.txt
parsing file S003_519.txt
parsing file S003_311.txt
parsing file S003_17.txt
parsing file S003_265.txt
parsing file S003_882.txt
parsing file S003_571.txt
parsing file S003_239.txt
parsing file S003_491.txt
parsing file S003_923.txt
parsing file S003_235.txt
parsing file S003_325.txt
parsing file S003_139.txt
parsing file S003_739.txt
parsing file S003_603.txt
parsing file S003_443.txt
parsing file S003_990.txt
parsing file S003_470.txt
parsing file S003_285.txt
parsing file S003_532.txt
parsing file S003_181.txt
parsing file S003_883.txt
parsing file S003_402.txt
parsing file S003_673.txt
parsing file S003_761.txt
parsing file S003_696.txt
parsing file S003_391.txt
parsing file S003_628.txt
parsing file S003_32.txt
parsing file S003_936.txt
parsing file S003_654.txt
parsing file S003_966.txt
parsing file S003_43.txt
parsing file S003_2.txt
parsing file S003_969.txt
parsing file S003_820.txt
parsing file S003_441.txt
parsing file S003_559.txt
parsing file S003_674.txt
parsing file S003_970.txt
parsing file S003_178.txt
parsing file S003_992.txt
parsing file S003_569.txt
parsing file S003_804.txt
parsing file S003_945.txt
parsing file S003_711.txt
parsing file S003_612.txt
parsing file S003_158.txt
parsing file S003_647.txt
parsing file S003_665.txt
parsing file S003_712.txt
parsing file S003_623.txt
parsing file S003_137.txt
parsing file S003_921.txt
parsing file S003_942.txt
parsing file S003_793.txt
parsing file S003_203.txt
parsing file S003_772.txt
parsing file S003_726.txt
parsing file S003_228.txt
parsing file S003_657.txt
parsing file S003_543.txt
parsing file S003_872.txt
parsing file S003_200.txt
parsing file S003_364.txt
parsing file S003_634.txt
parsing file S003_163.txt
parsing file S003_404.txt
parsing file S003_79.txt
parsing file S003_190.txt
parsing file S003_939.txt
parsing file S003_789.txt
parsing file S003_109.txt
parsing file S003_268.txt
parsing file S003_326.txt
parsing file S003_827.txt
parsing file S003_204.txt
parsing file S003_64.txt
parsing file S003_823.txt
parsing file S003_164.txt
parsing file S003_73.txt
parsing file S003_11.txt
parsing file S003_382.txt
parsing file S003_971.txt
parsing file S003_762.txt
parsing file S003_344.txt
parsing file S003_993.txt
parsing file S003_250.txt
parsing file S003_16.txt
parsing file S003_813.txt
parsing file S003_906.txt
parsing file S003_319.txt
parsing file S003_535.txt
parsing file S003_913.txt
parsing file S003_871.txt
parsing file S003_63.txt
parsing file S003_834.txt
parsing file S003_526.txt
parsing file S003_327.txt
parsing file S003_60.txt
parsing file S003_593.txt
parsing file S003_106.txt
parsing file S003_92.txt
parsing file S003_625.txt
parsing file S003_595.txt
parsing file S003_77.txt
parsing file S003_508.txt
parsing file S003_677.txt
parsing file S003_476.txt
parsing file S003_870.txt
parsing file S003_170.txt
parsing file S003_814.txt
parsing file S003_18.txt
parsing file S003_318.txt
parsing file S003_419.txt
parsing file S003_753.txt
parsing file S003_475.txt
parsing file S003_956.txt
parsing file S003_202.txt
parsing file S003_339.txt
parsing file S003_74.txt
parsing file S003_392.txt
parsing file S003_663.txt
parsing file S003_134.txt
parsing file S003_829.txt
parsing file S003_987.txt
parsing file S003_807.txt
parsing file S003_130.txt
parsing file S003_350.txt
parsing file S003_669.txt
parsing file S003_662.txt
parsing file S003_611.txt
parsing file S003_527.txt
parsing file S003_716.txt
parsing file S003_666.txt
parsing file S003_94.txt
parsing file S003_136.txt
parsing file S003_710.txt
parsing file S003_146.txt
parsing file S003_884.txt
parsing file S003_120.txt
parsing file S003_536.txt
parsing file S003_988.txt
parsing file S003_766.txt
parsing file S003_36.txt
parsing file S003_889.txt
parsing file S003_783.txt
parsing file S003_300.txt
parsing file S003_896.txt
parsing file S003_742.txt
parsing file S003_792.txt
parsing file S003_425.txt
parsing file S003_845.txt
parsing file S003_160.txt
parsing file S003_442.txt
parsing file S003_652.txt
parsing file S003_269.txt
parsing file S003_330.txt
parsing file S003_115.txt
parsing file S003_750.txt
parsing file S003_249.txt
parsing file S003_456.txt
parsing file S003_282.txt
parsing file S003_440.txt
parsing file S003_41.txt
parsing file S003_724.txt
parsing file S003_848.txt
parsing file S003_347.txt
parsing file S003_688.txt
parsing file S003_438.txt
parsing file S003_381.txt
parsing file S003_741.txt
parsing file S003_959.txt
parsing file S003_824.txt
parsing file S003_560.txt
parsing file S003_849.txt
parsing file S003_461.txt
parsing file S003_869.txt
parsing file S003_860.txt
parsing file S003_494.txt
parsing file S003_851.txt
parsing file S003_488.txt
parsing file S003_331.txt
parsing file S003_587.txt
parsing file S003_838.txt
parsing file S003_50.txt
parsing file S003_290.txt
parsing file S003_29.txt
parsing file S003_20.txt
parsing file S003_52.txt
parsing file S003_218.txt
parsing file S003_389.txt
parsing file S003_847.txt
parsing file S003_564.txt
parsing file S003_7.txt
parsing file S003_214.txt
parsing file S003_627.txt
parsing file S003_667.txt
parsing file S003_336.txt
parsing file S003_576.txt
parsing file S003_570.txt
parsing file S003_701.txt
parsing file S003_114.txt
parsing file S003_659.txt
parsing file S003_839.txt
parsing file S003_999.txt
parsing file S003_546.txt
parsing file S003_78.txt
parsing file S003_129.txt
parsing file S003_112.txt
parsing file S003_798.txt
parsing file S003_464.txt
parsing file S003_12.txt
parsing file S003_412.txt
parsing file S003_294.txt
parsing file S003_449.txt
parsing file S003_965.txt
parsing file S003_307.txt
parsing file S003_398.txt
parsing file S003_359.txt
parsing file S003_188.txt
parsing file S003_531.txt
parsing file S003_524.txt
parsing file S003_103.txt
parsing file S003_521.txt
parsing file S003_487.txt
parsing file S003_345.txt
parsing file S003_362.txt
parsing file S003_617.txt
parsing file S003_961.txt
parsing file S003_861.txt
parsing file S003_469.txt
parsing file S003_144.txt
parsing file S003_26.txt
parsing file S003_957.txt
parsing file S003_196.txt
parsing file S003_317.txt
parsing file S003_453.txt
parsing file S003_266.txt
parsing file S003_835.txt
parsing file S003_361.txt
parsing file S003_365.txt
parsing file S003_111.txt
parsing file S003_756.txt
parsing file S003_191.txt
parsing file S003_950.txt
parsing file S003_551.txt
parsing file S003_124.txt
parsing file S003_254.txt
parsing file S003_680.txt
parsing file S003_346.txt
parsing file S003_457.txt
parsing file S003_415.txt
parsing file S003_303.txt
parsing file S003_980.txt
parsing file S003_6.txt
parsing file S003_831.txt
parsing file S003_127.txt
parsing file S003_938.txt
parsing file S003_523.txt
parsing file S003_33.txt
parsing file S003_83.txt
parsing file S003_661.txt
parsing file S003_462.txt
parsing file S003_606.txt
parsing file S003_49.txt
parsing file S003_67.txt
parsing file S003_635.txt
parsing file S003_658.txt
parsing file S003_141.txt
parsing file S003_558.txt
parsing file S003_707.txt
parsing file S003_799.txt
parsing file S003_260.txt
parsing file S003_309.txt
parsing file S003_916.txt
parsing file S003_284.txt
parsing file S003_996.txt
parsing file S003_529.txt
parsing file S003_407.txt
parsing file S003_991.txt
parsing file S003_199.txt
parsing file S003_857.txt
parsing file S003_189.txt
parsing file S003_96.txt
parsing file S003_774.txt
parsing file S003_463.txt
parsing file S003_357.txt
parsing file S003_206.txt
parsing file S003_744.txt
parsing file S003_934.txt
parsing file S003_116.txt
parsing file S003_977.txt
parsing file S003_600.txt
parsing file S003_902.txt
parsing file S003_767.txt
parsing file S003_193.txt
parsing file S003_771.txt
parsing file S003_448.txt
parsing file S003_287.txt
parsing file S003_650.txt
parsing file S003_353.txt
parsing file S003_989.txt
parsing file S003_110.txt
parsing file S003_335.txt
parsing file S003_186.txt
parsing file S003_316.txt
parsing file S003_953.txt
parsing file S003_140.txt
parsing file S003_542.txt
parsing file S003_283.txt
parsing file S003_975.txt
parsing file S003_482.txt
parsing file S003_152.txt
parsing file S003_155.txt
parsing file S003_432.txt
parsing file S003_340.txt
parsing file S003_579.txt
parsing file S003_274.txt
parsing file S003_721.txt
parsing file S003_670.txt
parsing file S003_198.txt
parsing file S003_187.txt
parsing file S003_301.txt
parsing file S003_886.txt
parsing file S003_477.txt
parsing file S003_751.txt
parsing file S003_985.txt
parsing file S003_951.txt
parsing file S003_427.txt
parsing file S003_557.txt
parsing file S003_743.txt
parsing file S003_585.txt
parsing file S003_161.txt
parsing file S003_697.txt
parsing file S003_295.txt
parsing file S003_911.txt
parsing file S003_107.txt
parsing file S003_323.txt
parsing file S003_328.txt
parsing file S003_963.txt
parsing file S003_341.txt
parsing file S003_194.txt
parsing file S003_510.txt
parsing file S003_97.txt
parsing file S003_685.txt
parsing file S003_941.txt
parsing file S003_366.txt
parsing file S003_567.txt
parsing file S003_165.txt
parsing file S003_472.txt
parsing file S003_380.txt
parsing file S003_615.txt
parsing file S003_821.txt
parsing file S003_253.txt
parsing file S003_444.txt
parsing file S003_784.txt
parsing file S003_978.txt
parsing file S003_837.txt
parsing file S003_352.txt
parsing file S003_553.txt
parsing file S003_150.txt
parsing file S003_758.txt
parsing file S003_386.txt
parsing file S003_630.txt
parsing file S003_973.txt
parsing file S003_533.txt
parsing file S003_118.txt
parsing file S003_876.txt
parsing file S003_865.txt
parsing file S003_719.txt
parsing file S003_590.txt
parsing file S003_791.txt
parsing file S003_89.txt
parsing file S003_512.txt
parsing file S003_979.txt
parsing file S003_682.txt
parsing file S003_433.txt
parsing file S003_562.txt
parsing file S003_447.txt
parsing file S003_363.txt
parsing file S003_184.txt
parsing file S003_499.txt
parsing file S003_267.txt
parsing file S003_1.txt
parsing file S003_480.txt
parsing file S003_618.txt
parsing file S003_734.txt
parsing file S003_151.txt
parsing file S003_513.txt
parsing file S003_455.txt
parsing file S003_676.txt
parsing file S003_53.txt
parsing file S003_544.txt
parsing file S003_943.txt
parsing file S003_320.txt
parsing file S003_855.txt
parsing file S003_405.txt
parsing file S003_812.txt
parsing file S003_119.txt
parsing file S003_840.txt
parsing file S003_72.txt
parsing file S003_185.txt
parsing file S003_55.txt
parsing file S003_722.txt
parsing file S003_39.txt
parsing file S003_452.txt
parsing file S003_430.txt
parsing file S003_683.txt
parsing file S003_506.txt
parsing file S003_646.txt
parsing file S003_221.txt
parsing file S003_71.txt
parsing file S003_454.txt
parsing file S003_1000.txt
parsing file S003_929.txt
parsing file S003_846.txt
parsing file S003_694.txt
parsing file S003_856.txt
parsing file S003_408.txt
parsing file S003_998.txt
parsing file S003_768.txt
parsing file S003_288.txt
parsing file S003_790.txt
parsing file S003_465.txt
parsing file S003_832.txt
parsing file S003_715.txt
parsing file S003_384.txt
parsing file S003_620.txt
parsing file S003_273.txt
parsing file S003_413.txt
parsing file S003_270.txt
parsing file S003_868.txt
parsing file S003_912.txt
parsing file S003_583.txt
parsing file S003_639.txt
parsing file S003_699.txt
parsing file S003_504.txt
parsing file S003_332.txt
parsing file S003_177.txt
parsing file S003_899.txt
parsing file S003_552.txt
parsing file S003_226.txt
parsing file S003_492.txt
parsing file S003_278.txt
parsing file S003_854.txt
parsing file S003_240.txt
parsing file S003_737.txt
parsing file S003_732.txt
parsing file S003_518.txt
parsing file S003_3.txt
parsing file S003_376.txt
parsing file S003_27.txt
parsing file S003_322.txt
parsing file S003_360.txt
parsing file S003_859.txt
parsing file S003_302.txt
parsing file S003_621.txt
parsing file S003_550.txt
parsing file S003_467.txt
parsing file S003_828.txt
parsing file S003_944.txt
parsing file S003_370.txt
parsing file S003_609.txt
parsing file S003_735.txt
parsing file S003_257.txt
parsing file S003_222.txt
parsing file S003_394.txt
parsing file S003_588.txt
parsing file S003_473.txt
parsing file S003_816.txt
parsing file S003_638.txt
parsing file S003_422.txt
parsing file S003_541.txt
parsing file S003_245.txt
parsing file S003_68.txt
parsing file S003_377.txt
parsing file S003_14.txt
parsing file S003_994.txt
parsing file S003_843.txt
parsing file S003_205.txt
parsing file S003_213.txt
parsing file S003_645.txt
parsing file S003_573.txt
parsing file S003_428.txt
parsing file S003_451.txt
parsing file S003_22.txt
parsing file S003_878.txt
parsing file S003_745.txt
parsing file S003_229.txt
parsing file S003_880.txt
parsing file S003_749.txt
parsing file S003_169.txt
parsing file S003_368.txt
parsing file S003_888.txt
parsing file S003_949.txt
parsing file S003_867.txt
parsing file S003_960.txt
parsing file S003_601.txt
parsing file S003_689.txt
parsing file S003_471.txt
parsing file S003_931.txt
parsing file S003_881.txt
parsing file S003_714.txt
parsing file S003_819.txt
parsing file S003_333.txt
parsing file S003_653.txt
parsing file S003_930.txt
parsing file S003_581.txt
parsing file S003_403.txt
Got data points of shape (10000, 12, 12, 45)
Loading data from txt files...
parsing file S003_806.txt
parsing file S003_135.txt
parsing file S003_224.txt
parsing file S003_728.txt
parsing file S003_387.txt
parsing file S003_10.txt
parsing file S003_76.txt
parsing file S003_373.txt
parsing file S003_46.txt
parsing file S003_874.txt
parsing file S003_937.txt
parsing file S003_61.txt
parsing file S003_212.txt
parsing file S003_100.txt
parsing file S003_755.txt
parsing file S003_399.txt
parsing file S003_95.txt
parsing file S003_308.txt
parsing file S003_528.txt
parsing file S003_842.txt
parsing file S003_525.txt
parsing file S003_166.txt
parsing file S003_40.txt
parsing file S003_435.txt
parsing file S003_924.txt
parsing file S003_82.txt
parsing file S003_174.txt
parsing file S003_718.txt
parsing file S003_757.txt
parsing file S003_905.txt
parsing file S003_577.txt
parsing file S003_853.txt
parsing file S003_234.txt
parsing file S003_180.txt
parsing file S003_296.txt
parsing file S003_763.txt
parsing file S003_69.txt
parsing file S003_4.txt
parsing file S003_517.txt
parsing file S003_983.txt
parsing file S003_157.txt
parsing file S003_80.txt
parsing file S003_775.txt
parsing file S003_393.txt
parsing file S003_563.txt
parsing file S003_369.txt
parsing file S003_216.txt
parsing file S003_445.txt
parsing file S003_974.txt
parsing file S003_182.txt
parsing file S003_297.txt
parsing file S003_85.txt
parsing file S003_286.txt
parsing file S003_605.txt
parsing file S003_147.txt
parsing file S003_565.txt
parsing file S003_782.txt
parsing file S003_299.txt
parsing file S003_720.txt
parsing file S003_700.txt
parsing file S003_679.txt
parsing file S003_500.txt
parsing file S003_481.txt
parsing file S003_631.txt
parsing file S003_466.txt
parsing file S003_418.txt
parsing file S003_244.txt
parsing file S003_515.txt
parsing file S003_84.txt
parsing file S003_255.txt
parsing file S003_619.txt
parsing file S003_599.txt
parsing file S003_25.txt
parsing file S003_168.txt
parsing file S003_671.txt
parsing file S003_383.txt
parsing file S003_338.txt
parsing file S003_704.txt
parsing file S003_915.txt
parsing file S003_385.txt
parsing file S003_256.txt
parsing file S003_104.txt
parsing file S003_211.txt
parsing file S003_220.txt
parsing file S003_765.txt
parsing file S003_197.txt
parsing file S003_981.txt
parsing file S003_852.txt
parsing file S003_795.txt
parsing file S003_549.txt
parsing file S003_102.txt
parsing file S003_495.txt
parsing file S003_306.txt
parsing file S003_45.txt
parsing file S003_561.txt
parsing file S003_890.txt
parsing file S003_128.txt
parsing file S003_740.txt
parsing file S003_105.txt
parsing file S003_614.txt
parsing file S003_725.txt
parsing file S003_171.txt
parsing file S003_37.txt
parsing file S003_38.txt
parsing file S003_907.txt
parsing file S003_686.txt
parsing file S003_733.txt
parsing file S003_578.txt
parsing file S003_613.txt
parsing file S003_459.txt
parsing file S003_778.txt
parsing file S003_410.txt
parsing file S003_125.txt
parsing file S003_261.txt
parsing file S003_148.txt
parsing file S003_547.txt
parsing file S003_48.txt
parsing file S003_195.txt
parsing file S003_121.txt
parsing file S003_87.txt
parsing file S003_729.txt
parsing file S003_773.txt
parsing file S003_474.txt
parsing file S003_801.txt
parsing file S003_850.txt
parsing file S003_409.txt
parsing file S003_292.txt
parsing file S003_818.txt
parsing file S003_62.txt
parsing file S003_586.txt
parsing file S003_367.txt
parsing file S003_313.txt
parsing file S003_810.txt
parsing file S003_486.txt
parsing file S003_705.txt
parsing file S003_113.txt
parsing file S003_644.txt
parsing file S003_678.txt
parsing file S003_787.txt
parsing file S003_210.txt
parsing file S003_275.txt
parsing file S003_501.txt
parsing file S003_98.txt
parsing file S003_502.txt
parsing file S003_811.txt
parsing file S003_952.txt
parsing file S003_483.txt
parsing file S003_281.txt
parsing file S003_153.txt
parsing file S003_520.txt
parsing file S003_117.txt
parsing file S003_717.txt
parsing file S003_947.txt
parsing file S003_648.txt
parsing file S003_258.txt
parsing file S003_752.txt
parsing file S003_237.txt
parsing file S003_19.txt
parsing file S003_154.txt
parsing file S003_781.txt
parsing file S003_800.txt
parsing file S003_681.txt
parsing file S003_28.txt
parsing file S003_460.txt
parsing file S003_439.txt
parsing file S003_355.txt
parsing file S003_836.txt
parsing file S003_248.txt
parsing file S003_803.txt
parsing file S003_230.txt
parsing file S003_537.txt
parsing file S003_864.txt
parsing file S003_47.txt
parsing file S003_809.txt
parsing file S003_538.txt
parsing file S003_334.txt
parsing file S003_358.txt
parsing file S003_493.txt
parsing file S003_149.txt
parsing file S003_946.txt
parsing file S003_516.txt
parsing file S003_81.txt
parsing file S003_176.txt
parsing file S003_698.txt
parsing file S003_314.txt
parsing file S003_426.txt
parsing file S003_217.txt
parsing file S003_898.txt
parsing file S003_788.txt
parsing file S003_310.txt
parsing file S003_374.txt
parsing file S003_900.txt
parsing file S003_192.txt
parsing file S003_797.txt
parsing file S003_416.txt
parsing file S003_276.txt
parsing file S003_925.txt
parsing file S003_572.txt
parsing file S003_446.txt
parsing file S003_108.txt
parsing file S003_305.txt
parsing file S003_545.txt
parsing file S003_909.txt
parsing file S003_833.txt
parsing file S003_371.txt
parsing file S003_779.txt
parsing file S003_172.txt
parsing file S003_66.txt
parsing file S003_927.txt
parsing file S003_511.txt
parsing file S003_65.txt
parsing file S003_243.txt
parsing file S003_450.txt
parsing file S003_922.txt
parsing file S003_713.txt
parsing file S003_88.txt
parsing file S003_232.txt
parsing file S003_312.txt
parsing file S003_530.txt
parsing file S003_223.txt
parsing file S003_505.txt
parsing file S003_162.txt
parsing file S003_436.txt
parsing file S003_982.txt
parsing file S003_748.txt
parsing file S003_660.txt
parsing file S003_375.txt
parsing file S003_90.txt
parsing file S003_962.txt
parsing file S003_954.txt
parsing file S003_764.txt
parsing file S003_179.txt
parsing file S003_337.txt
parsing file S003_919.txt
parsing file S003_866.txt
parsing file S003_675.txt
parsing file S003_895.txt
parsing file S003_159.txt
parsing file S003_624.txt
parsing file S003_396.txt
parsing file S003_142.txt
parsing file S003_156.txt
parsing file S003_86.txt
parsing file S003_496.txt
parsing file S003_329.txt
parsing file S003_247.txt
parsing file S003_914.txt
parsing file S003_918.txt
parsing file S003_324.txt
parsing file S003_910.txt
parsing file S003_215.txt
parsing file S003_231.txt
parsing file S003_903.txt
parsing file S003_143.txt
parsing file S003_893.txt
parsing file S003_431.txt
parsing file S003_126.txt
parsing file S003_584.txt
parsing file S003_691.txt
parsing file S003_908.txt
parsing file S003_354.txt
parsing file S003_655.txt
parsing file S003_738.txt
parsing file S003_122.txt
parsing file S003_917.txt
parsing file S003_879.txt
parsing file S003_56.txt
parsing file S003_30.txt
parsing file S003_817.txt
parsing file S003_209.txt
parsing file S003_964.txt
parsing file S003_706.txt
parsing file S003_995.txt
parsing file S003_201.txt
parsing file S003_167.txt
parsing file S003_955.txt
parsing file S003_304.txt
parsing file S003_622.txt
parsing file S003_972.txt
parsing file S003_592.txt
parsing file S003_298.txt
parsing file S003_372.txt
parsing file S003_503.txt
parsing file S003_423.txt
parsing file S003_760.txt
parsing file S003_785.txt
parsing file S003_289.txt
parsing file S003_554.txt
parsing file S003_21.txt
parsing file S003_497.txt
parsing file S003_822.txt
parsing file S003_479.txt
parsing file S003_747.txt
parsing file S003_54.txt
parsing file S003_397.txt
parsing file S003_904.txt
parsing file S003_99.txt
parsing file S003_132.txt
parsing file S003_862.txt
parsing file S003_805.txt
parsing file S003_844.txt
parsing file S003_607.txt
parsing file S003_731.txt
parsing file S003_894.txt
parsing file S003_887.txt
parsing file S003_321.txt
parsing file S003_885.txt
parsing file S003_277.txt
parsing file S003_241.txt
parsing file S003_730.txt
parsing file S003_379.txt
parsing file S003_401.txt
parsing file S003_315.txt
parsing file S003_225.txt
parsing file S003_424.txt
parsing file S003_693.txt
parsing file S003_133.txt
parsing file S003_5.txt
parsing file S003_31.txt
parsing file S003_490.txt
parsing file S003_468.txt
parsing file S003_877.txt
parsing file S003_875.txt
parsing file S003_227.txt
parsing file S003_173.txt
parsing file S003_825.txt
parsing file S003_291.txt
parsing file S003_236.txt
parsing file S003_280.txt
parsing file S003_434.txt
parsing file S003_34.txt
parsing file S003_59.txt
parsing file S003_15.txt
parsing file S003_24.txt
parsing file S003_602.txt
parsing file S003_708.txt
parsing file S003_841.txt
parsing file S003_727.txt
parsing file S003_264.txt
parsing file S003_796.txt
parsing file S003_348.txt
parsing file S003_414.txt
parsing file S003_395.txt
parsing file S003_926.txt
parsing file S003_514.txt
parsing file S003_651.txt
parsing file S003_233.txt
parsing file S003_968.txt
parsing file S003_23.txt
parsing file S003_540.txt
parsing file S003_75.txt
parsing file S003_632.txt
parsing file S003_986.txt
parsing file S003_279.txt
parsing file S003_891.txt
parsing file S003_263.txt
parsing file S003_598.txt
parsing file S003_637.txt
parsing file S003_935.txt
parsing file S003_769.txt
parsing file S003_746.txt
parsing file S003_271.txt
parsing file S003_238.txt
parsing file S003_123.txt
parsing file S003_522.txt
parsing file S003_589.txt
parsing file S003_252.txt
parsing file S003_695.txt
parsing file S003_802.txt
parsing file S003_58.txt
parsing file S003_690.txt
parsing file S003_478.txt
parsing file S003_656.txt
parsing file S003_429.txt
parsing file S003_668.txt
parsing file S003_642.txt
parsing file S003_388.txt
parsing file S003_242.txt
parsing file S003_175.txt
parsing file S003_643.txt
parsing file S003_616.txt
parsing file S003_42.txt
parsing file S003_901.txt
parsing file S003_259.txt
parsing file S003_131.txt
parsing file S003_594.txt
parsing file S003_684.txt
parsing file S003_933.txt
parsing file S003_723.txt
parsing file S003_932.txt
parsing file S003_509.txt
parsing file S003_794.txt
parsing file S003_8.txt
parsing file S003_251.txt
parsing file S003_596.txt
parsing file S003_780.txt
parsing file S003_534.txt
parsing file S003_815.txt
parsing file S003_138.txt
parsing file S003_582.txt
parsing file S003_70.txt
parsing file S003_507.txt
parsing file S003_702.txt
parsing file S003_262.txt
parsing file S003_351.txt
parsing file S003_610.txt
parsing file S003_858.txt
parsing file S003_35.txt
parsing file S003_93.txt
parsing file S003_830.txt
parsing file S003_591.txt
parsing file S003_826.txt
parsing file S003_892.txt
parsing file S003_390.txt
parsing file S003_356.txt
parsing file S003_997.txt
parsing file S003_568.txt
parsing file S003_776.txt
parsing file S003_219.txt
parsing file S003_539.txt
parsing file S003_687.txt
parsing file S003_649.txt
parsing file S003_574.txt
parsing file S003_580.txt
parsing file S003_342.txt
parsing file S003_626.txt
parsing file S003_640.txt
parsing file S003_958.txt
parsing file S003_489.txt
parsing file S003_703.txt
parsing file S003_940.txt
parsing file S003_272.txt
parsing file S003_183.txt
parsing file S003_458.txt
parsing file S003_556.txt
parsing file S003_808.txt
parsing file S003_664.txt
parsing file S003_976.txt
parsing file S003_548.txt
parsing file S003_566.txt
parsing file S003_759.txt
parsing file S003_575.txt
parsing file S003_770.txt
parsing file S003_91.txt
parsing file S003_420.txt
parsing file S003_863.txt
parsing file S003_246.txt
parsing file S003_498.txt
parsing file S003_597.txt
parsing file S003_485.txt
parsing file S003_786.txt
parsing file S003_897.txt
parsing file S003_604.txt
parsing file S003_51.txt
parsing file S003_343.txt
parsing file S003_692.txt
parsing file S003_13.txt
parsing file S003_777.txt
parsing file S003_293.txt
parsing file S003_484.txt
parsing file S003_967.txt
parsing file S003_873.txt
parsing file S003_207.txt
parsing file S003_920.txt
parsing file S003_417.txt
parsing file S003_421.txt
parsing file S003_608.txt
parsing file S003_641.txt
parsing file S003_754.txt
parsing file S003_736.txt
parsing file S003_378.txt
parsing file S003_437.txt
parsing file S003_672.txt
parsing file S003_633.txt
parsing file S003_208.txt
parsing file S003_349.txt
parsing file S003_709.txt
parsing file S003_636.txt
parsing file S003_948.txt
parsing file S003_9.txt
parsing file S003_984.txt
parsing file S003_57.txt
parsing file S003_101.txt
parsing file S003_145.txt
parsing file S003_411.txt
parsing file S003_928.txt
parsing file S003_44.txt
parsing file S003_629.txt
parsing file S003_400.txt
parsing file S003_555.txt
parsing file S003_406.txt
parsing file S003_519.txt
parsing file S003_311.txt
parsing file S003_17.txt
parsing file S003_265.txt
parsing file S003_882.txt
parsing file S003_571.txt
parsing file S003_239.txt
parsing file S003_491.txt
parsing file S003_923.txt
parsing file S003_235.txt
parsing file S003_325.txt
parsing file S003_139.txt
parsing file S003_739.txt
parsing file S003_603.txt
parsing file S003_443.txt
parsing file S003_990.txt
parsing file S003_470.txt
parsing file S003_285.txt
parsing file S003_532.txt
parsing file S003_181.txt
parsing file S003_883.txt
parsing file S003_402.txt
parsing file S003_673.txt
parsing file S003_761.txt
parsing file S003_696.txt
parsing file S003_391.txt
parsing file S003_628.txt
parsing file S003_32.txt
parsing file S003_936.txt
parsing file S003_654.txt
parsing file S003_966.txt
parsing file S003_43.txt
parsing file S003_2.txt
parsing file S003_969.txt
parsing file S003_820.txt
parsing file S003_441.txt
parsing file S003_559.txt
parsing file S003_674.txt
parsing file S003_970.txt
parsing file S003_178.txt
parsing file S003_992.txt
parsing file S003_569.txt
parsing file S003_804.txt
parsing file S003_945.txt
parsing file S003_711.txt
parsing file S003_612.txt
parsing file S003_158.txt
parsing file S003_647.txt
parsing file S003_665.txt
parsing file S003_712.txt
parsing file S003_623.txt
parsing file S003_137.txt
parsing file S003_921.txt
parsing file S003_942.txt
parsing file S003_793.txt
parsing file S003_203.txt
parsing file S003_772.txt
parsing file S003_726.txt
parsing file S003_228.txt
parsing file S003_657.txt
parsing file S003_543.txt
parsing file S003_872.txt
parsing file S003_200.txt
parsing file S003_364.txt
parsing file S003_634.txt
parsing file S003_163.txt
parsing file S003_404.txt
parsing file S003_79.txt
parsing file S003_190.txt
parsing file S003_939.txt
parsing file S003_789.txt
parsing file S003_109.txt
parsing file S003_268.txt
parsing file S003_326.txt
parsing file S003_827.txt
parsing file S003_204.txt
parsing file S003_64.txt
parsing file S003_823.txt
parsing file S003_164.txt
parsing file S003_73.txt
parsing file S003_11.txt
parsing file S003_382.txt
parsing file S003_971.txt
parsing file S003_762.txt
parsing file S003_344.txt
parsing file S003_993.txt
parsing file S003_250.txt
parsing file S003_16.txt
parsing file S003_813.txt
parsing file S003_906.txt
parsing file S003_319.txt
parsing file S003_535.txt
parsing file S003_913.txt
parsing file S003_871.txt
parsing file S003_63.txt
parsing file S003_834.txt
parsing file S003_526.txt
parsing file S003_327.txt
parsing file S003_60.txt
parsing file S003_593.txt
parsing file S003_106.txt
parsing file S003_92.txt
parsing file S003_625.txt
parsing file S003_595.txt
parsing file S003_77.txt
parsing file S003_508.txt
parsing file S003_677.txt
parsing file S003_476.txt
parsing file S003_870.txt
parsing file S003_170.txt
parsing file S003_814.txt
parsing file S003_18.txt
parsing file S003_318.txt
parsing file S003_419.txt
parsing file S003_753.txt
parsing file S003_475.txt
parsing file S003_956.txt
parsing file S003_202.txt
parsing file S003_339.txt
parsing file S003_74.txt
parsing file S003_392.txt
parsing file S003_663.txt
parsing file S003_134.txt
parsing file S003_829.txt
parsing file S003_987.txt
parsing file S003_807.txt
parsing file S003_130.txt
parsing file S003_350.txt
parsing file S003_669.txt
parsing file S003_662.txt
parsing file S003_611.txt
parsing file S003_527.txt
parsing file S003_716.txt
parsing file S003_666.txt
parsing file S003_94.txt
parsing file S003_136.txt
parsing file S003_710.txt
parsing file S003_146.txt
parsing file S003_884.txt
parsing file S003_120.txt
parsing file S003_536.txt
parsing file S003_988.txt
parsing file S003_766.txt
parsing file S003_36.txt
parsing file S003_889.txt
parsing file S003_783.txt
parsing file S003_300.txt
parsing file S003_896.txt
parsing file S003_742.txt
parsing file S003_792.txt
parsing file S003_425.txt
parsing file S003_845.txt
parsing file S003_160.txt
parsing file S003_442.txt
parsing file S003_652.txt
parsing file S003_269.txt
parsing file S003_330.txt
parsing file S003_115.txt
parsing file S003_750.txt
parsing file S003_249.txt
parsing file S003_456.txt
parsing file S003_282.txt
parsing file S003_440.txt
parsing file S003_41.txt
parsing file S003_724.txt
parsing file S003_848.txt
parsing file S003_347.txt
parsing file S003_688.txt
parsing file S003_438.txt
parsing file S003_381.txt
parsing file S003_741.txt
parsing file S003_959.txt
parsing file S003_824.txt
parsing file S003_560.txt
parsing file S003_849.txt
parsing file S003_461.txt
parsing file S003_869.txt
parsing file S003_860.txt
parsing file S003_494.txt
parsing file S003_851.txt
parsing file S003_488.txt
parsing file S003_331.txt
parsing file S003_587.txt
parsing file S003_838.txt
parsing file S003_50.txt
parsing file S003_290.txt
parsing file S003_29.txt
parsing file S003_20.txt
parsing file S003_52.txt
parsing file S003_218.txt
parsing file S003_389.txt
parsing file S003_847.txt
parsing file S003_564.txt
parsing file S003_7.txt
parsing file S003_214.txt
parsing file S003_627.txt
parsing file S003_667.txt
parsing file S003_336.txt
parsing file S003_576.txt
parsing file S003_570.txt
parsing file S003_701.txt
parsing file S003_114.txt
parsing file S003_659.txt
parsing file S003_839.txt
parsing file S003_999.txt
parsing file S003_546.txt
parsing file S003_78.txt
parsing file S003_129.txt
parsing file S003_112.txt
parsing file S003_798.txt
parsing file S003_464.txt
parsing file S003_12.txt
parsing file S003_412.txt
parsing file S003_294.txt
parsing file S003_449.txt
parsing file S003_965.txt
parsing file S003_307.txt
parsing file S003_398.txt
parsing file S003_359.txt
parsing file S003_188.txt
parsing file S003_531.txt
parsing file S003_524.txt
parsing file S003_103.txt
parsing file S003_521.txt
parsing file S003_487.txt
parsing file S003_345.txt
parsing file S003_362.txt
parsing file S003_617.txt
parsing file S003_961.txt
parsing file S003_861.txt
parsing file S003_469.txt
parsing file S003_144.txt
parsing file S003_26.txt
parsing file S003_957.txt
parsing file S003_196.txt
parsing file S003_317.txt
parsing file S003_453.txt
parsing file S003_266.txt
parsing file S003_835.txt
parsing file S003_361.txt
parsing file S003_365.txt
parsing file S003_111.txt
parsing file S003_756.txt
parsing file S003_191.txt
parsing file S003_950.txt
parsing file S003_551.txt
parsing file S003_124.txt
parsing file S003_254.txt
parsing file S003_680.txt
parsing file S003_346.txt
parsing file S003_457.txt
parsing file S003_415.txt
parsing file S003_303.txt
parsing file S003_980.txt
parsing file S003_6.txt
parsing file S003_831.txt
parsing file S003_127.txt
parsing file S003_938.txt
parsing file S003_523.txt
parsing file S003_33.txt
parsing file S003_83.txt
parsing file S003_661.txt
parsing file S003_462.txt
parsing file S003_606.txt
parsing file S003_49.txt
parsing file S003_67.txt
parsing file S003_635.txt
parsing file S003_658.txt
parsing file S003_141.txt
parsing file S003_558.txt
parsing file S003_707.txt
parsing file S003_799.txt
parsing file S003_260.txt
parsing file S003_309.txt
parsing file S003_916.txt
parsing file S003_284.txt
parsing file S003_996.txt
parsing file S003_529.txt
parsing file S003_407.txt
parsing file S003_991.txt
parsing file S003_199.txt
parsing file S003_857.txt
parsing file S003_189.txt
parsing file S003_96.txt
parsing file S003_774.txt
parsing file S003_463.txt
parsing file S003_357.txt
parsing file S003_206.txt
parsing file S003_744.txt
parsing file S003_934.txt
parsing file S003_116.txt
parsing file S003_977.txt
parsing file S003_600.txt
parsing file S003_902.txt
parsing file S003_767.txt
parsing file S003_193.txt
parsing file S003_771.txt
parsing file S003_448.txt
parsing file S003_287.txt
parsing file S003_650.txt
parsing file S003_353.txt
parsing file S003_989.txt
parsing file S003_110.txt
parsing file S003_335.txt
parsing file S003_186.txt
parsing file S003_316.txt
parsing file S003_953.txt
parsing file S003_140.txt
parsing file S003_542.txt
parsing file S003_283.txt
parsing file S003_975.txt
parsing file S003_482.txt
parsing file S003_152.txt
parsing file S003_155.txt
parsing file S003_432.txt
parsing file S003_340.txt
parsing file S003_579.txt
parsing file S003_274.txt
parsing file S003_721.txt
parsing file S003_670.txt
parsing file S003_198.txt
parsing file S003_187.txt
parsing file S003_301.txt
parsing file S003_886.txt
parsing file S003_477.txt
parsing file S003_751.txt
parsing file S003_985.txt
parsing file S003_951.txt
parsing file S003_427.txt
parsing file S003_557.txt
parsing file S003_743.txt
parsing file S003_585.txt
parsing file S003_161.txt
parsing file S003_697.txt
parsing file S003_295.txt
parsing file S003_911.txt
parsing file S003_107.txt
parsing file S003_323.txt
parsing file S003_328.txt
parsing file S003_963.txt
parsing file S003_341.txt
parsing file S003_194.txt
parsing file S003_510.txt
parsing file S003_97.txt
parsing file S003_685.txt
parsing file S003_941.txt
parsing file S003_366.txt
parsing file S003_567.txt
parsing file S003_165.txt
parsing file S003_472.txt
parsing file S003_380.txt
parsing file S003_615.txt
parsing file S003_821.txt
parsing file S003_253.txt
parsing file S003_444.txt
parsing file S003_784.txt
parsing file S003_978.txt
parsing file S003_837.txt
parsing file S003_352.txt
parsing file S003_553.txt
parsing file S003_150.txt
parsing file S003_758.txt
parsing file S003_386.txt
parsing file S003_630.txt
parsing file S003_973.txt
parsing file S003_533.txt
parsing file S003_118.txt
parsing file S003_876.txt
parsing file S003_865.txt
parsing file S003_719.txt
parsing file S003_590.txt
parsing file S003_791.txt
parsing file S003_89.txt
parsing file S003_512.txt
parsing file S003_979.txt
parsing file S003_682.txt
parsing file S003_433.txt
parsing file S003_562.txt
parsing file S003_447.txt
parsing file S003_363.txt
parsing file S003_184.txt
parsing file S003_499.txt
parsing file S003_267.txt
parsing file S003_1.txt
parsing file S003_480.txt
parsing file S003_618.txt
parsing file S003_734.txt
parsing file S003_151.txt
parsing file S003_513.txt
parsing file S003_455.txt
parsing file S003_676.txt
parsing file S003_53.txt
parsing file S003_544.txt
parsing file S003_943.txt
parsing file S003_320.txt
parsing file S003_855.txt
parsing file S003_405.txt
parsing file S003_812.txt
parsing file S003_119.txt
parsing file S003_840.txt
parsing file S003_72.txt
parsing file S003_185.txt
parsing file S003_55.txt
parsing file S003_722.txt
parsing file S003_39.txt
parsing file S003_452.txt
parsing file S003_430.txt
parsing file S003_683.txt
parsing file S003_506.txt
parsing file S003_646.txt
parsing file S003_221.txt
parsing file S003_71.txt
parsing file S003_454.txt
parsing file S003_1000.txt
parsing file S003_929.txt
parsing file S003_846.txt
parsing file S003_694.txt
parsing file S003_856.txt
parsing file S003_408.txt
parsing file S003_998.txt
parsing file S003_768.txt
parsing file S003_288.txt
parsing file S003_790.txt
parsing file S003_465.txt
parsing file S003_832.txt
parsing file S003_715.txt
parsing file S003_384.txt
parsing file S003_620.txt
parsing file S003_273.txt
parsing file S003_413.txt
parsing file S003_270.txt
parsing file S003_868.txt
parsing file S003_912.txt
parsing file S003_583.txt
parsing file S003_639.txt
parsing file S003_699.txt
parsing file S003_504.txt
parsing file S003_332.txt
parsing file S003_177.txt
parsing file S003_899.txt
parsing file S003_552.txt
parsing file S003_226.txt
parsing file S003_492.txt
parsing file S003_278.txt
parsing file S003_854.txt
parsing file S003_240.txt
parsing file S003_737.txt
parsing file S003_732.txt
parsing file S003_518.txt
parsing file S003_3.txt
parsing file S003_376.txt
parsing file S003_27.txt
parsing file S003_322.txt
parsing file S003_360.txt
parsing file S003_859.txt
parsing file S003_302.txt
parsing file S003_621.txt
parsing file S003_550.txt
parsing file S003_467.txt
parsing file S003_828.txt
parsing file S003_944.txt
parsing file S003_370.txt
parsing file S003_609.txt
parsing file S003_735.txt
parsing file S003_257.txt
parsing file S003_222.txt
parsing file S003_394.txt
parsing file S003_588.txt
parsing file S003_473.txt
parsing file S003_816.txt
parsing file S003_638.txt
parsing file S003_422.txt
parsing file S003_541.txt
parsing file S003_245.txt
parsing file S003_68.txt
parsing file S003_377.txt
parsing file S003_14.txt
parsing file S003_994.txt
parsing file S003_843.txt
parsing file S003_205.txt
parsing file S003_213.txt
parsing file S003_645.txt
parsing file S003_573.txt
parsing file S003_428.txt
parsing file S003_451.txt
parsing file S003_22.txt
parsing file S003_878.txt
parsing file S003_745.txt
parsing file S003_229.txt
parsing file S003_880.txt
parsing file S003_749.txt
parsing file S003_169.txt
parsing file S003_368.txt
parsing file S003_888.txt
parsing file S003_949.txt
parsing file S003_867.txt
parsing file S003_960.txt
parsing file S003_601.txt
parsing file S003_689.txt
parsing file S003_471.txt
parsing file S003_931.txt
parsing file S003_881.txt
parsing file S003_714.txt
parsing file S003_819.txt
parsing file S003_333.txt
parsing file S003_653.txt
parsing file S003_930.txt
parsing file S003_581.txt
parsing file S003_403.txt
Got data points of shape (10000, 12, 12, 45)

feature_h: 6, feature_w: 6
WARNING:tensorflow:From /home/lavenderyi/AIRobo/observer_model_v2/resnet.py:101: UniformUnitScaling.__init__ (from tensorflow.python.ops.init_ops) is deprecated and will be removed in a future version.
Instructions for updating:
Use tf.initializers.variance_scaling instead with distribution=uniform to get equivalent behavior.

feature_h: 6, feature_w: 6
WARNING:tensorflow:From /home/lavenderyi/anaconda3/lib/python3.6/site-packages/tensorflow/python/util/tf_should_use.py:118: initialize_all_variables (from tensorflow.python.ops.variables) is deprecated and will be removed after 2017-03-02.
Instructions for updating:
Use `tf.global_variables_initializer` instead.
2019-02-22 13:54:52.169950: I tensorflow/core/platform/cpu_feature_guard.cc:141] Your CPU supports instructions that this TensorFlow binary was not compiled to use: SSE4.1 SSE4.2 AVX
2019-02-22 13:54:52.170176: I tensorflow/core/common_runtime/process_util.cc:69] Creating new thread pool with default inter op setting: 2. Tune using inter_op_parallelism_threads for best performance.
Start training...
----------------------------
2019-02-22 13:54:56.019975: step 0, loss = 4.1586 (18.9 examples/sec; 1.697 sec/batch)
Train top1 error =  1.0
Validation top1 error = 1.0000
Validation loss =  3.9826055
----------------------------
2019-02-22 13:55:50.074369: step 100, loss = 0.1530 (50.7 examples/sec; 0.631 sec/batch)
Train top1 error =  0.09375
Validation top1 error = 0.3125
Validation loss =  0.30850977
----------------------------
2019-02-22 13:56:44.080707: step 200, loss = 0.2329 (46.5 examples/sec; 0.688 sec/batch)
Train top1 error =  0.125
Validation top1 error = 0.2188
Validation loss =  0.52892417
----------------------------
2019-02-22 13:57:41.614414: step 300, loss = 0.6154 (55.3 examples/sec; 0.579 sec/batch)
Train top1 error =  0.3125
Validation top1 error = 0.2188
Validation loss =  0.48011157
----------------------------
2019-02-22 13:58:35.684720: step 400, loss = 0.7413 (52.0 examples/sec; 0.616 sec/batch)
Train top1 error =  0.46875
Validation top1 error = 0.2188
Validation loss =  0.47879818
----------------------------
2019-02-22 13:59:29.566594: step 500, loss = 0.3947 (54.1 examples/sec; 0.591 sec/batch)
Train top1 error =  0.21875
Validation top1 error = 0.0625
Validation loss =  0.14037098
----------------------------
2019-02-22 14:00:21.124113: step 600, loss = 0.3946 (67.3 examples/sec; 0.476 sec/batch)
Train top1 error =  0.125
Validation top1 error = 0.3438
Validation loss =  0.5767237
----------------------------
2019-02-22 14:01:13.772142: step 700, loss = 0.6147 (51.2 examples/sec; 0.625 sec/batch)
Train top1 error =  0.4375
Validation top1 error = 0.3125
Validation loss =  0.42200387
----------------------------
2019-02-22 14:02:06.252041: step 800, loss = 0.0524 (68.3 examples/sec; 0.468 sec/batch)
Train top1 error =  0.0
Validation top1 error = 0.0000
Validation loss =  0.018133648
----------------------------
2019-02-22 14:02:56.753632: step 900, loss = 0.6924 (59.0 examples/sec; 0.542 sec/batch)
Train top1 error =  0.28125
Validation top1 error = 0.3125
Validation loss =  0.49840584
----------------------------
2019-02-22 14:03:49.173942: step 1000, loss = 0.8496 (79.0 examples/sec; 0.405 sec/batch)
Train top1 error =  0.46875
Validation top1 error = 0.0000
Validation loss =  0.001175025
----------------------------
2019-02-22 14:04:40.860940: step 1100, loss = 0.7753 (79.7 examples/sec; 0.402 sec/batch)
Train top1 error =  0.46875
Validation top1 error = 0.2500
Validation loss =  0.6660865
----------------------------
2019-02-22 14:05:37.637478: step 1200, loss = 0.2424 (60.3 examples/sec; 0.531 sec/batch)
Train top1 error =  0.0
Validation top1 error = 0.4375
Validation loss =  0.78798866
----------------------------
2019-02-22 14:06:29.722845: step 1300, loss = 0.6152 (67.3 examples/sec; 0.476 sec/batch)
Train top1 error =  0.1875
Validation top1 error = 0.4688
Validation loss =  0.6999279
----------------------------
2019-02-22 14:07:22.016133: step 1400, loss = 0.2760 (51.5 examples/sec; 0.621 sec/batch)
Train top1 error =  0.03125
Validation top1 error = 0.0000
Validation loss =  0.19083196
----------------------------
2019-02-22 14:08:19.402572: step 1500, loss = 0.6822 (49.1 examples/sec; 0.651 sec/batch)
Train top1 error =  0.3125
Validation top1 error = 0.1250
Validation loss =  0.17879751
----------------------------
2019-02-22 14:09:14.321617: step 1600, loss = 0.5795 (92.7 examples/sec; 0.345 sec/batch)
Train top1 error =  0.25
Validation top1 error = 0.1250
Validation loss =  0.58371955
----------------------------
2019-02-22 14:10:07.983749: step 1700, loss = 0.2616 (65.0 examples/sec; 0.493 sec/batch)
Train top1 error =  0.25
Validation top1 error = 0.1250
Validation loss =  0.7887465
----------------------------
2019-02-22 14:11:02.625494: step 1800, loss = 0.3763 (56.8 examples/sec; 0.564 sec/batch)
Train top1 error =  0.09375
Validation top1 error = 0.0000
Validation loss =  0.07442136
----------------------------
2019-02-22 14:11:54.549408: step 1900, loss = 0.6149 (56.6 examples/sec; 0.566 sec/batch)
Train top1 error =  0.21875
Validation top1 error = 0.2500
Validation loss =  0.6454514
----------------------------
2019-02-22 14:12:48.968204: step 2000, loss = 0.3766 (52.2 examples/sec; 0.614 sec/batch)
Train top1 error =  0.125
Validation top1 error = 0.0312
Validation loss =  0.17048655
----------------------------
2019-02-22 14:13:40.446388: step 2100, loss = 0.9183 (69.4 examples/sec; 0.461 sec/batch)
Train top1 error =  0.5625
Validation top1 error = 0.0000
Validation loss =  0.19018681
----------------------------
2019-02-22 14:14:37.588779: step 2200, loss = 0.2160 (75.7 examples/sec; 0.423 sec/batch)
Train top1 error =  0.0
Validation top1 error = 0.0000
Validation loss =  0.0007736048
----------------------------
2019-02-22 14:15:31.060690: step 2300, loss = 0.4656 (54.1 examples/sec; 0.592 sec/batch)
Train top1 error =  0.0
Validation top1 error = 0.4688
Validation loss =  0.9997441
----------------------------
2019-02-22 14:16:28.088440: step 2400, loss = 0.5833 (50.3 examples/sec; 0.636 sec/batch)
Train top1 error =  0.3125
Validation top1 error = 0.1562
Validation loss =  0.27456892
----------------------------
2019-02-22 14:17:23.157713: step 2500, loss = 0.6313 (56.9 examples/sec; 0.562 sec/batch)
Train top1 error =  0.375
Validation top1 error = 0.3438
Validation loss =  0.41523194
----------------------------
2019-02-22 14:18:17.438269: step 2600, loss = 0.8727 (80.9 examples/sec; 0.396 sec/batch)
Train top1 error =  0.46875
Validation top1 error = 0.4688
Validation loss =  0.8404132
----------------------------
2019-02-22 14:19:11.409110: step 2700, loss = 0.6543 (50.1 examples/sec; 0.639 sec/batch)
Train top1 error =  0.21875
Validation top1 error = 0.2812
Validation loss =  0.5232451
----------------------------
2019-02-22 14:20:03.668077: step 2800, loss = 0.1658 (64.3 examples/sec; 0.498 sec/batch)
Train top1 error =  0.0
Validation top1 error = 0.4688
Validation loss =  0.69639796
----------------------------
2019-02-22 14:21:01.351565: step 2900, loss = 0.2640 (93.6 examples/sec; 0.342 sec/batch)
Train top1 error =  0.0
Validation top1 error = 0.4688
Validation loss =  0.63599205
----------------------------
2019-02-22 14:21:54.483172: step 3000, loss = 0.4867 (46.8 examples/sec; 0.684 sec/batch)
Train top1 error =  0.1875
Validation top1 error = 0.2500
Validation loss =  0.5668612
----------------------------
2019-02-22 14:22:48.648167: step 3100, loss = 1.2711 (54.9 examples/sec; 0.583 sec/batch)
Train top1 error =  0.375
Validation top1 error = 0.2812
Validation loss =  0.90378505
----------------------------
2019-02-22 14:23:43.256948: step 3200, loss = 0.3654 (54.6 examples/sec; 0.586 sec/batch)
Train top1 error =  0.1875
Validation top1 error = 0.1250
Validation loss =  0.45327157
----------------------------
2019-02-22 14:24:38.165299: step 3300, loss = 0.8868 (88.7 examples/sec; 0.361 sec/batch)
Train top1 error =  0.21875
Validation top1 error = 0.2500
Validation loss =  1.178712
----------------------------
2019-02-22 14:25:34.147848: step 3400, loss = 0.7839 (65.2 examples/sec; 0.491 sec/batch)
Train top1 error =  0.21875
Validation top1 error = 0.1250
Validation loss =  0.32468778
----------------------------
2019-02-22 14:26:28.688699: step 3500, loss = 0.6018 (61.1 examples/sec; 0.524 sec/batch)
Train top1 error =  0.125
Validation top1 error = 0.0000
Validation loss =  0.0057383934
----------------------------
2019-02-22 14:27:20.284519: step 3600, loss = 0.0746 (67.1 examples/sec; 0.477 sec/batch)
Train top1 error =  0.0
Validation top1 error = 0.2188
Validation loss =  0.32739565
----------------------------
2019-02-22 14:28:15.178144: step 3700, loss = 0.2048 (47.4 examples/sec; 0.675 sec/batch)
Train top1 error =  0.0625
Validation top1 error = 0.4062
Validation loss =  0.5155467
----------------------------
2019-02-22 14:29:08.759645: step 3800, loss = 0.0537 (68.7 examples/sec; 0.466 sec/batch)
Train top1 error =  0.0
Validation top1 error = 0.0000
Validation loss =  0.012228038
----------------------------
2019-02-22 14:30:04.820846: step 3900, loss = 0.4250 (63.8 examples/sec; 0.501 sec/batch)
Train top1 error =  0.25
